<?xml version="1.0" encoding="UTF-8"?>
<testsuite xmlns:xsi="http://www.w3.org/2001/XMLSchema-instance" xsi:noNamespaceSchemaLocation="https://maven.apache.org/surefire/maven-surefire-plugin/xsd/surefire-test-report.xsd" name="com.ys.demo.DemoApplicationTests" time="3.634" tests="5" errors="0" skipped="0" failures="0">
  <properties>
[...]
</properties>
  <testcase name="sysout" classname="com.ys.demo.DemoApplicationTests" time="0.201"/>
  <testcase name="insertmusic" classname="com.ys.demo.DemoApplicationTests" time="0.515"/>
  <testcase name="getsong" classname="com.ys.demo.DemoApplicationTests" time="0.008"/>
  <testcase name="findmusic" classname="com.ys.demo.DemoApplicationTests" time="0.012"/>
  <testcase name="contextLoads" classname="com.ys.demo.DemoApplicationTests" time="0"/>
</testsuite>